<?xml version="1.0" encoding="UTF-8"?>
<!-- Generated by org.testng.reporters.JUnitReportReporter -->
<testsuite skipped="0" hostname="BG-HP8470" name="com.utils.myCommonMethods" tests="1" failures="0" timestamp="2020-03-19T17:33:27 EDT" time="1.531" errors="0">
  <testcase name="test" time="1.531" classname="com.utils.myCommonMethods"/>
</testsuite> <!-- com.utils.myCommonMethods -->
