<?xml version="1.0" encoding="UTF-8"?>
<!-- Generated by org.testng.reporters.JUnitReportReporter -->
<testsuite skipped="0" hostname="BG-HP8470" name="com.practice.silentWebDriver.SilentChrome" tests="1" failures="0" timestamp="2020-04-21T01:33:30 EDT" time="18.402" errors="0">
  <testcase name="driverTest" time="18.402" classname="com.practice.silentWebDriver.SilentChrome"/>
</testsuite> <!-- com.practice.silentWebDriver.SilentChrome -->
