<?xml version="1.0" encoding="UTF-8"?>
<!-- Generated by org.testng.reporters.JUnitReportReporter -->
<testsuite skipped="0" hostname="BG-HP8470" name="com.practice.seleniumServer.test2Chrome" tests="1" failures="0" timestamp="2020-04-20T02:31:32 EDT" time="14.755" errors="0">
  <testcase name="ch" time="14.755" classname="com.practice.seleniumServer.test2Chrome"/>
</testsuite> <!-- com.practice.seleniumServer.test2Chrome -->
