<?xml version="1.0" encoding="UTF-8"?>
<!-- Generated by org.testng.reporters.JUnitReportReporter -->
<testsuite skipped="0" hostname="BG-HP8470" name="com.testng.PropertiesClass.Main" tests="1" failures="0" timestamp="2020-03-18T14:01:40 EDT" time="11.053" errors="0">
  <testcase name="login" time="11.053" classname="com.testng.PropertiesClass.Main"/>
</testsuite> <!-- com.testng.PropertiesClass.Main -->
