<?xml version="1.0" encoding="UTF-8"?>
<!-- Generated by org.testng.reporters.JUnitReportReporter -->
<testsuite skipped="0" hostname="BG-HP8470" name="com.testng.PropertiesClass.DependentAnnot" tests="1" failures="0" timestamp="2020-03-18T14:32:04 EDT" time="10.634" errors="0">
  <testcase name="OpeningBrowser" time="10.634" classname="com.testng.PropertiesClass.DependentAnnot"/>
</testsuite> <!-- com.testng.PropertiesClass.DependentAnnot -->
