<?xml version="1.0" encoding="UTF-8"?>
<!-- Generated by org.testng.reporters.JUnitReportReporter -->
<testsuite skipped="0" hostname="BG-HP8470" name="com.testng8.ParalelTest.test2" tests="1" failures="0" timestamp="2020-03-18T01:27:29 EDT" time="14.975" errors="0">
  <testcase name="gotoWebPage" time="14.975" classname="com.testng8.ParalelTest.test2"/>
</testsuite> <!-- com.testng8.ParalelTest.test2 -->
