<?xml version="1.0" encoding="UTF-8"?>
<!-- Generated by org.testng.reporters.JUnitReportReporter -->
<testsuite skipped="0" hostname="BG-HP8470" name="com.practice.ud.seleniumServer.paralelTest" tests="2" failures="0" timestamp="2020-04-20T02:06:55 EDT" time="19.308" errors="0">
  <testcase name="testFirefox" time="15.958" classname="com.practice.ud.seleniumServer.paralelTest"/>
  <testcase name="testChrome" time="3.350" classname="com.practice.ud.seleniumServer.paralelTest"/>
</testsuite> <!-- com.practice.ud.seleniumServer.paralelTest -->
