<?xml version="1.0" encoding="UTF-8"?>
<!-- Generated by org.testng.reporters.JUnitReportReporter -->
<testsuite skipped="0" hostname="BG-HP8470" name="com.testng6.DataProvider.LoginTest" tests="4" failures="0" timestamp="2020-03-17T22:57:55 EDT" time="0.026" errors="0">
  <testcase name="Login" time="0.000" classname="com.testng6.DataProvider.LoginTest"/>
  <testcase name="Login" time="0.008" classname="com.testng6.DataProvider.LoginTest"/>
  <testcase name="Login" time="0.010" classname="com.testng6.DataProvider.LoginTest"/>
  <testcase name="Login" time="0.008" classname="com.testng6.DataProvider.LoginTest"/>
</testsuite> <!-- com.testng6.DataProvider.LoginTest -->
