<?xml version="1.0" encoding="UTF-8"?>
<!-- Generated by org.testng.reporters.JUnitReportReporter -->
<testsuite skipped="0" hostname="BG-HP8470" name="com.practice.seleniumServer.test1FireFox" tests="1" failures="0" timestamp="2020-04-20T02:31:32 EDT" time="22.203" errors="0">
  <testcase name="ff" time="22.203" classname="com.practice.seleniumServer.test1FireFox"/>
</testsuite> <!-- com.practice.seleniumServer.test1FireFox -->
