<?xml version="1.0" encoding="UTF-8"?>
<!-- Generated by org.testng.reporters.JUnitReportReporter -->
<testsuite skipped="0" hostname="BG-HP8470" name="com.practice.seleniumServer.paralelTest" tests="2" failures="0" timestamp="2020-04-20T02:31:32 EDT" time="28.762" errors="0">
  <testcase name="testFirefox" time="15.810" classname="com.practice.seleniumServer.paralelTest"/>
  <testcase name="testChrome" time="12.952" classname="com.practice.seleniumServer.paralelTest"/>
</testsuite> <!-- com.practice.seleniumServer.paralelTest -->
