<?xml version="1.0" encoding="UTF-8"?>
<!-- Generated by org.testng.reporters.JUnitReportReporter -->
<testsuite skipped="0" hostname="BG-HP8470" name="com.testng3.LoginTest1_Priority" tests="4" failures="0" timestamp="2020-03-17T05:59:57 EDT" time="0.079" errors="0">
  <testcase name="CheckMail" time="0.010" classname="com.testng3.LoginTest1_Priority"/>
  <testcase name="CreateAdmin" time="0.061" classname="com.testng3.LoginTest1_Priority"/>
  <testcase name="CheckAdmin" time="0.005" classname="com.testng3.LoginTest1_Priority"/>
  <testcase name="deleteAdmin" time="0.003" classname="com.testng3.LoginTest1_Priority"/>
</testsuite> <!-- com.testng3.LoginTest1_Priority -->
