<?xml version="1.0" encoding="UTF-8"?>
<!-- Generated by org.testng.reporters.JUnitReportReporter -->
<testsuite skipped="0" hostname="BG-HP8470" name="com.testng._TestNGAnnotations" tests="2" failures="0" timestamp="2020-03-17T05:04:56 EDT" time="0.017" errors="0">
  <testcase name="f" time="0.007" classname="com.testng._TestNGAnnotations"/>
  <testcase name="f" time="0.010" classname="com.testng._TestNGAnnotations"/>
</testsuite> <!-- com.testng._TestNGAnnotations -->
