<?xml version="1.0" encoding="UTF-8"?>
<!-- Generated by org.testng.reporters.JUnitReportReporter -->
<testsuite skipped="0" hostname="BG-HP8470" name="com.practice.ud.basic._016_Calender" tests="1" failures="0" timestamp="2020-03-13T00:29:34 EDT" time="32.352" errors="0">
  <testcase name="test" time="32.352" classname="com.practice.ud.basic._016_Calender"/>
</testsuite> <!-- com.practice.ud.basic._016_Calender -->
