<?xml version="1.0" encoding="UTF-8"?>
<!-- Generated by org.testng.reporters.JUnitReportReporter -->
<testsuite skipped="0" hostname="BG-HP8470" name="com.practice.ud.basic._018_e22_spiceJet" tests="1" failures="0" timestamp="2020-03-13T13:19:48 EDT" time="35.713" errors="0">
  <testcase name="SpiceJetE2E" time="35.713" classname="com.practice.ud.basic._018_e22_spiceJet"/>
</testsuite> <!-- com.practice.ud.basic._018_e22_spiceJet -->
