<?xml version="1.0" encoding="UTF-8"?>
<!-- Generated by org.testng.reporters.JUnitReportReporter -->
<testsuite skipped="0" hostname="BG-HP8470" name="com.testng3.Test2" tests="4" failures="0" timestamp="2020-03-17T06:18:33 EDT" time="0.038" errors="0">
  <testcase name="CreateUser" time="0.002" classname="com.testng3.Test2"/>
  <testcase name="Login" time="0.029" classname="com.testng3.Test2"/>
  <testcase name="deleteUser" time="0.004" classname="com.testng3.Test2"/>
  <testcase name="CheckUser" time="0.003" classname="com.testng3.Test2"/>
</testsuite> <!-- com.testng3.Test2 -->
