<?xml version="1.0" encoding="UTF-8"?>
<!-- Generated by org.testng.reporters.JUnitReportReporter -->
<testsuite skipped="0" hostname="BG-HP8470" name="com.testng.NewTest" tests="2" failures="0" timestamp="2020-03-17T03:25:53 EDT" time="0.012" errors="0">
  <testcase name="f" time="0.012" classname="com.testng.NewTest"/>
  <testcase name="f" time="0.000" classname="com.testng.NewTest"/>
</testsuite> <!-- com.testng.NewTest -->
