<?xml version="1.0" encoding="UTF-8"?>
<!-- Generated by org.testng.reporters.JUnitReportReporter -->
<testsuite skipped="0" hostname="BG-HP8470" name="com.practice.ud.basic._015_Assert" tests="1" failures="0" timestamp="2020-03-12T23:48:36 EDT" time="39.764" errors="0">
  <testcase name="test" time="39.764" classname="com.practice.ud.basic._015_Assert"/>
</testsuite> <!-- com.practice.ud.basic._015_Assert -->
