<?xml version="1.0" encoding="UTF-8"?>
<!-- Generated by org.testng.reporters.JUnitReportReporter -->
<testsuite skipped="0" hostname="BG-HP8470" name="com.testng2.LoginTest" tests="4" failures="0" timestamp="2020-03-17T05:33:19 EDT" time="0.021" errors="0">
  <testcase name="deleteUser" time="0.005" classname="com.testng2.LoginTest"/>
  <testcase name="CheckUser" time="0.002" classname="com.testng2.LoginTest"/>
  <testcase name="CreateUser" time="0.002" classname="com.testng2.LoginTest"/>
  <testcase name="Login" time="0.012" classname="com.testng2.LoginTest"/>
</testsuite> <!-- com.testng2.LoginTest -->
