<?xml version="1.0" encoding="UTF-8"?>
<!-- Generated by org.testng.reporters.JUnitReportReporter -->
<testsuite skipped="0" hostname="BG-HP8470" name="com.practice.ud._005_FaceBook4" tests="1" failures="0" timestamp="2020-03-09T18:47:29 EDT" time="11.903" errors="0">
  <testcase name="test" time="11.903" classname="com.practice.ud._005_FaceBook4"/>
</testsuite> <!-- com.practice.ud._005_FaceBook4 -->
