<?xml version="1.0" encoding="UTF-8"?>
<!-- Generated by org.testng.reporters.JUnitReportReporter -->
<testsuite skipped="0" hostname="BG-HP8470" name="com.testng.B002" tests="2" failures="0" timestamp="2020-03-17T05:04:56 EDT" time="0.008" errors="0">
  <testcase name="BTest3" time="0.000" classname="com.testng.B002"/>
  <testcase name="BTest4" time="0.008" classname="com.testng.B002"/>
</testsuite> <!-- com.testng.B002 -->
