<?xml version="1.0" encoding="UTF-8"?>
<!-- Generated by org.testng.reporters.JUnitReportReporter -->
<testsuite skipped="0" hostname="BG-HP8470" name="com.practice.ud.basic._010_Amazon_Find_Name" tests="1" failures="0" timestamp="2020-03-10T12:47:05 EDT" time="35.534" errors="0">
  <testcase name="test" time="35.534" classname="com.practice.ud.basic._010_Amazon_Find_Name"/>
</testsuite> <!-- com.practice.ud.basic._010_Amazon_Find_Name -->
