<?xml version="1.0" encoding="UTF-8"?>
<!-- Generated by org.testng.reporters.JUnitReportReporter -->
<testsuite skipped="0" hostname="BG-HP8470" name="com.testng2.LoginTest1_Priority" tests="4" failures="0" timestamp="2020-03-17T05:38:31 EDT" time="0.052" errors="0">
  <testcase name="Login" time="0.040" classname="com.testng2.LoginTest1_Priority"/>
  <testcase name="CreateUser" time="0.006" classname="com.testng2.LoginTest1_Priority"/>
  <testcase name="CheckUser" time="0.003" classname="com.testng2.LoginTest1_Priority"/>
  <testcase name="deleteUser" time="0.003" classname="com.testng2.LoginTest1_Priority"/>
</testsuite> <!-- com.testng2.LoginTest1_Priority -->
