<?xml version="1.0" encoding="UTF-8"?>
<!-- Generated by org.testng.reporters.JUnitReportReporter -->
<testsuite skipped="0" hostname="BG-HP8470" name="com.practice.ud.basic._010_Amazon_Find_Name_get_a_product_price" tests="1" failures="0" timestamp="2020-03-10T14:10:59 EDT" time="44.157" errors="0">
  <testcase name="test" time="44.157" classname="com.practice.ud.basic._010_Amazon_Find_Name_get_a_product_price"/>
</testsuite> <!-- com.practice.ud.basic._010_Amazon_Find_Name_get_a_product_price -->
