<?xml version="1.0" encoding="UTF-8"?>
<!-- Generated by org.testng.reporters.JUnitReportReporter -->
<testsuite skipped="0" hostname="BG-HP8470" name="com.practice.temp.AnnotationDemo" tests="4" failures="0" timestamp="2020-03-10T19:46:30 EDT" time="0.075" errors="0">
  <testcase name="test1" time="0.043" classname="com.practice.temp.AnnotationDemo"/>
  <testcase name="test3" time="0.017" classname="com.practice.temp.AnnotationDemo"/>
  <testcase name="test2" time="0.010" classname="com.practice.temp.AnnotationDemo"/>
  <testcase name="test4" time="0.005" classname="com.practice.temp.AnnotationDemo"/>
</testsuite> <!-- com.practice.temp.AnnotationDemo -->
