<?xml version="1.0" encoding="UTF-8"?>
<!-- Generated by org.testng.reporters.JUnitReportReporter -->
<testsuite skipped="0" hostname="BG-HP8470" name="com.testng.B001" tests="3" failures="0" timestamp="2020-03-17T05:04:56 EDT" time="0.016" errors="0">
  <testcase name="BTest1" time="0.008" classname="com.testng.B001"/>
  <testcase name="BTest2" time="0.000" classname="com.testng.B001"/>
  <testcase name="CTest1" time="0.008" classname="com.testng.B001"/>
</testsuite> <!-- com.testng.B001 -->
