<?xml version="1.0" encoding="UTF-8"?>
<!-- Generated by org.testng.reporters.JUnitReportReporter -->
<testsuite skipped="0" hostname="BG-HP8470" name="com.practice.ud._010_Amazon_Find_Name" tests="1" failures="0" timestamp="2020-03-09T18:31:00 EDT" time="48.225" errors="0">
  <testcase name="test" time="48.225" classname="com.practice.ud._010_Amazon_Find_Name"/>
</testsuite> <!-- com.practice.ud._010_Amazon_Find_Name -->
