<?xml version="1.0" encoding="UTF-8"?>
<!-- Generated by org.testng.reporters.JUnitReportReporter -->
<testsuite skipped="0" hostname="BG-HP8470" name="com.testng6.DataProvider.test1" tests="1" failures="0" timestamp="2020-03-17T21:22:15 EDT" time="0.037" errors="0">
  <testcase name="gotoWebPage" time="0.037" classname="com.testng6.DataProvider.test1"/>
</testsuite> <!-- com.testng6.DataProvider.test1 -->
