<?xml version="1.0" encoding="UTF-8"?>
<!-- Generated by org.testng.reporters.JUnitReportReporter -->
<testsuite skipped="0" hostname="BG-HP8470" name="com.practice.ud.basic._020_GreenCard2Advanced" tests="1" failures="0" timestamp="2020-03-13T23:53:57 EDT" time="27.062" errors="0">
  <testcase name="test" time="27.062" classname="com.practice.ud.basic._020_GreenCard2Advanced"/>
</testsuite> <!-- com.practice.ud.basic._020_GreenCard2Advanced -->
