<?xml version="1.0" encoding="UTF-8"?>
<!-- Generated by org.testng.reporters.JUnitReportReporter -->
<testsuite skipped="0" hostname="BG-HP8470" name="com.practice.ud.basic._012_Css" tests="1" failures="0" timestamp="2020-03-10T15:47:06 EDT" time="34.092" errors="0">
  <testcase name="test" time="34.092" classname="com.practice.ud.basic._012_Css"/>
</testsuite> <!-- com.practice.ud.basic._012_Css -->
