<?xml version="1.0" encoding="UTF-8"?>
<!-- Generated by org.testng.reporters.JUnitReportReporter -->
<testsuite skipped="0" hostname="BG-HP8470" name="com.testng.A001" tests="2" failures="0" timestamp="2020-03-17T19:31:12 EDT" time="0.027" errors="0">
  <testcase name="ATest1" time="0.027" classname="com.testng.A001"/>
  <testcase name="ATest2" time="0.000" classname="com.testng.A001"/>
</testsuite> <!-- com.testng.A001 -->
