<?xml version="1.0" encoding="UTF-8"?>
<!-- Generated by org.testng.reporters.JUnitReportReporter -->
<testsuite skipped="0" hostname="BG-HP8470" name="com.testng3.LoginTest2_Dependency" tests="4" failures="0" timestamp="2020-03-17T05:59:57 EDT" time="0.028" errors="0">
  <testcase name="Login" time="0.005" classname="com.testng3.LoginTest2_Dependency"/>
  <testcase name="CreateUser" time="0.007" classname="com.testng3.LoginTest2_Dependency"/>
  <testcase name="deleteUser" time="0.014" classname="com.testng3.LoginTest2_Dependency"/>
  <testcase name="CheckUser" time="0.002" classname="com.testng3.LoginTest2_Dependency"/>
</testsuite> <!-- com.testng3.LoginTest2_Dependency -->
