<?xml version="1.0" encoding="UTF-8"?>
<!-- Generated by org.testng.reporters.JUnitReportReporter -->
<testsuite skipped="0" hostname="BG-HP8470" name="com.testng3.Test3" tests="4" failures="0" timestamp="2020-03-17T06:18:33 EDT" time="0.019" errors="0">
  <testcase name="CheckMail" time="0.006" classname="com.testng3.Test3"/>
  <testcase name="CreateAdmin" time="0.005" classname="com.testng3.Test3"/>
  <testcase name="CheckAdmin" time="0.004" classname="com.testng3.Test3"/>
  <testcase name="deleteAdmin" time="0.004" classname="com.testng3.Test3"/>
</testsuite> <!-- com.testng3.Test3 -->
