<?xml version="1.0" encoding="UTF-8"?>
<!-- Generated by org.testng.reporters.JUnitReportReporter -->
<testsuite skipped="0" hostname="BG-HP8470" name="com.testng5.XMLparametes.testNgParameters2" tests="2" failures="0" timestamp="2020-03-17T20:29:27 EDT" time="0.011" errors="0">
  <testcase name="gotoWebPage" time="0.000" classname="com.testng5.XMLparametes.testNgParameters2"/>
  <testcase name="Login" time="0.011" classname="com.testng5.XMLparametes.testNgParameters2"/>
</testsuite> <!-- com.testng5.XMLparametes.testNgParameters2 -->
