<?xml version="1.0" encoding="UTF-8"?>
<!-- Generated by org.testng.reporters.JUnitReportReporter -->
<testsuite skipped="0" hostname="BG-HP8470" name="com.testng5.XMLparametes.testNgParameters1" tests="2" failures="0" timestamp="2020-03-17T20:29:27 EDT" time="0.035" errors="0">
  <testcase name="gotoWebPage" time="0.025" classname="com.testng5.XMLparametes.testNgParameters1"/>
  <testcase name="Login" time="0.010" classname="com.testng5.XMLparametes.testNgParameters1"/>
</testsuite> <!-- com.testng5.XMLparametes.testNgParameters1 -->
