<?xml version="1.0" encoding="UTF-8"?>
<!-- Generated by org.testng.reporters.JUnitReportReporter -->
<testsuite skipped="0" hostname="BG-HP8470" name="com.testng4.Groups.TestGroup" tests="4" failures="0" timestamp="2020-03-17T19:42:28 EDT" time="0.028" errors="0">
  <testcase name="Login" time="0.011" classname="com.testng4.Groups.TestGroup"/>
  <testcase name="CheckUser" time="0.005" classname="com.testng4.Groups.TestGroup"/>
  <testcase name="DeleteUser" time="0.009" classname="com.testng4.Groups.TestGroup"/>
  <testcase name="CreateUser" time="0.003" classname="com.testng4.Groups.TestGroup"/>
</testsuite> <!-- com.testng4.Groups.TestGroup -->
