<?xml version="1.0" encoding="UTF-8"?>
<!-- Generated by org.testng.reporters.JUnitReportReporter -->
<testsuite skipped="0" hostname="BG-HP8470" name="com.testng5.XMLparametes.google" tests="1" failures="0" timestamp="2020-03-17T20:31:27 EDT" time="0.015" errors="0">
  <testcase name="gotoWebPage" time="0.015" classname="com.testng5.XMLparametes.google"/>
</testsuite> <!-- com.testng5.XMLparametes.google -->
