<?xml version="1.0" encoding="UTF-8"?>
<!-- Generated by org.testng.reporters.JUnitReportReporter -->
<testsuite skipped="0" hostname="BG-HP8470" name="com.testng.A002" tests="2" failures="0" timestamp="2020-03-17T05:04:56 EDT" time="0.003" errors="0">
  <testcase name="ATest4" time="0.003" classname="com.testng.A002"/>
  <testcase name="ATest3" time="0.000" classname="com.testng.A002"/>
</testsuite> <!-- com.testng.A002 -->
