<?xml version="1.0" encoding="UTF-8"?>
<!-- Generated by org.testng.reporters.JUnitReportReporter -->
<testsuite skipped="0" hostname="BG-HP8470" name="com.practice.temp._002_actitime" tests="1" failures="0" timestamp="2020-03-09T09:09:06 EDT" time="18.980" errors="0">
  <testcase name="test" time="18.980" classname="com.practice.temp._002_actitime"/>
</testsuite> <!-- com.practice.temp._002_actitime -->
