<?xml version="1.0" encoding="UTF-8"?>
<!-- Generated by org.testng.reporters.JUnitReportReporter -->
<testsuite skipped="0" hostname="BG-HP8470" name="com.practice.ud.basic._013_Dynamic_DropDown2" tests="1" failures="0" timestamp="2020-03-12T22:33:22 EDT" time="35.388" errors="0">
  <testcase name="test" time="35.388" classname="com.practice.ud.basic._013_Dynamic_DropDown2"/>
</testsuite> <!-- com.practice.ud.basic._013_Dynamic_DropDown2 -->
